1667032323446	geckodriver	INFO	Listening on 127.0.0.1:36031
1667032327170	mozrunner::runner	INFO	Running command: "/usr/bin/firefox" "--marionette" "--remote-debugging-port" "43291" "--remote-allow-hosts" "localhost" "-no-remote" "-profile" "/tmp/rust_mozprofileP9rmMT"
[GFX1-]: glxtest: VA-API test failed: failed to initialise VAAPI connection.
ATTENTION: default value of option mesa_glthread overridden by environment.
ATTENTION: default value of option mesa_glthread overridden by environment.
ATTENTION: default value of option mesa_glthread overridden by environment.
ATTENTION: default value of option mesa_glthread overridden by environment.
1667032331675	Marionette	INFO	Marionette enabled
1667032331686	Marionette	INFO	Listening on port 35687
Read port: 35687
WebDriver BiDi listening on ws://127.0.0.1:43291
1667032332208	RemoteAgent	WARN	TLS certificate errors will be ignored for this session
console.warn: SearchSettings: "get: No settings file exists, new profile?" (new NotFoundError("Could not open the file at /tmp/rust_mozprofileP9rmMT/search.json.mozlz4", (void 0)))
Missing chrome or resource URL: resource://gre/modules/UpdateListener.sys.mjs
DevTools listening on ws://127.0.0.1:43291/devtools/browser/2fa78a96-db73-47a0-91d8-996a6ce41158
Missing chrome or resource URL: resource://gre/modules/UpdateListener.sys.mjs
console.error: "Error during quit-application-granted: [Exception... \"File error: Not found\"  nsresult: \"0x80520012 (NS_ERROR_FILE_NOT_FOUND)\"  location: \"JS frame :: resource:///modules/BrowserGlue.jsm :: _onQuitApplicationGranted/tasks< :: line 2009\"  data: no]"
1667032438480	Marionette	INFO	Stopped listening on port 35687
console.warn: TopSitesFeed: Failed to fetch data from Contile server: NetworkError when attempting to fetch resource.
1667032522978	geckodriver	INFO	Listening on 127.0.0.1:47241
1667032523783	mozrunner::runner	INFO	Running command: "/usr/bin/firefox" "--marionette" "--remote-debugging-port" "56939" "--remote-allow-hosts" "localhost" "-no-remote" "-profile" "/tmp/rust_mozprofileoX2MKr"
[GFX1-]: glxtest: VA-API test failed: failed to initialise VAAPI connection.
ATTENTION: default value of option mesa_glthread overridden by environment.
ATTENTION: default value of option mesa_glthread overridden by environment.
ATTENTION: default value of option mesa_glthread overridden by environment.
ATTENTION: default value of option mesa_glthread overridden by environment.
1667032526911	Marionette	INFO	Marionette enabled
1667032526937	Marionette	INFO	Listening on port 33159
Read port: 33159
WebDriver BiDi listening on ws://127.0.0.1:56939
1667032527585	RemoteAgent	WARN	TLS certificate errors will be ignored for this session
console.warn: SearchSettings: "get: No settings file exists, new profile?" (new NotFoundError("Could not open the file at /tmp/rust_mozprofileoX2MKr/search.json.mozlz4", (void 0)))
Missing chrome or resource URL: resource://gre/modules/UpdateListener.sys.mjs
DevTools listening on ws://127.0.0.1:56939/devtools/browser/4f88243b-220f-4003-b1dc-706a5fb67d38
console.warn: LoginRecipes: "Falling back to a synchronous message for: https://sso.passport.yandex.ru."
1667032537914	Marionette	WARN	Ignoring event 'DOMContentLoaded' because document has an invalid readyState of 'complete'.
1667032538592	Marionette	WARN	Ignoring event 'DOMContentLoaded' because document has an invalid readyState of 'complete'.
Exiting due to channel error.
Exiting due to channel error.
Exiting due to channel error.
1667032557614	geckodriver	INFO	Listening on 127.0.0.1:51881
1667032557938	mozrunner::runner	INFO	Running command: "/usr/bin/firefox" "--marionette" "--remote-debugging-port" "36833" "--remote-allow-hosts" "localhost" "-no-remote" "-profile" "/tmp/rust_mozprofilewjoJq8"
[GFX1-]: glxtest: VA-API test failed: failed to initialise VAAPI connection.
ATTENTION: default value of option mesa_glthread overridden by environment.
ATTENTION: default value of option mesa_glthread overridden by environment.
ATTENTION: default value of option mesa_glthread overridden by environment.
ATTENTION: default value of option mesa_glthread overridden by environment.
1667032560201	Marionette	INFO	Marionette enabled
1667032560214	Marionette	INFO	Listening on port 41149
Read port: 41149
WebDriver BiDi listening on ws://127.0.0.1:36833
1667032560577	RemoteAgent	WARN	TLS certificate errors will be ignored for this session
console.warn: SearchSettings: "get: No settings file exists, new profile?" (new NotFoundError("Could not open the file at /tmp/rust_mozprofilewjoJq8/search.json.mozlz4", (void 0)))
Missing chrome or resource URL: resource://gre/modules/UpdateListener.sys.mjs
DevTools listening on ws://127.0.0.1:36833/devtools/browser/af14e311-a7c0-400d-ae13-f713aae58a24
console.warn: LoginRecipes: "Falling back to a synchronous message for: https://sso.passport.yandex.ru."
1667032571493	Marionette	WARN	Ignoring event 'DOMContentLoaded' because document has an invalid readyState of 'complete'.
1667032572172	Marionette	WARN	Ignoring event 'DOMContentLoaded' because document has an invalid readyState of 'complete'.
Missing chrome or resource URL: resource://gre/modules/UpdateListener.sys.mjs
console.error: "Error during quit-application-granted: [Exception... \"File error: Not found\"  nsresult: \"0x80520012 (NS_ERROR_FILE_NOT_FOUND)\"  location: \"JS frame :: resource:///modules/BrowserGlue.jsm :: _onQuitApplicationGranted/tasks< :: line 2009\"  data: no]"
1667032643005	Marionette	INFO	Stopped listening on port 41149
console.warn: TopSitesFeed: Failed to fetch data from Contile server: NetworkError when attempting to fetch resource.
1667032658640	geckodriver	INFO	Listening on 127.0.0.1:45077
1667032659308	mozrunner::runner	INFO	Running command: "/usr/bin/firefox" "--marionette" "--remote-debugging-port" "37077" "--remote-allow-hosts" "localhost" "-no-remote" "-profile" "/tmp/rust_mozprofilep4od4e"
[GFX1-]: glxtest: VA-API test failed: failed to initialise VAAPI connection.
ATTENTION: default value of option mesa_glthread overridden by environment.
ATTENTION: default value of option mesa_glthread overridden by environment.
ATTENTION: default value of option mesa_glthread overridden by environment.
ATTENTION: default value of option mesa_glthread overridden by environment.
1667032661967	Marionette	INFO	Marionette enabled
1667032661986	Marionette	INFO	Listening on port 33475
Read port: 33475
WebDriver BiDi listening on ws://127.0.0.1:37077
1667032662643	RemoteAgent	WARN	TLS certificate errors will be ignored for this session
console.warn: SearchSettings: "get: No settings file exists, new profile?" (new NotFoundError("Could not open the file at /tmp/rust_mozprofilep4od4e/search.json.mozlz4", (void 0)))
Missing chrome or resource URL: resource://gre/modules/UpdateListener.sys.mjs
DevTools listening on ws://127.0.0.1:37077/devtools/browser/c06a69a5-b778-4f96-87b8-fe4110abc58c
Missing chrome or resource URL: resource://gre/modules/UpdateListener.sys.mjs
console.error: "Error during quit-application-granted: [Exception... \"File error: Not found\"  nsresult: \"0x80520012 (NS_ERROR_FILE_NOT_FOUND)\"  location: \"JS frame :: resource:///modules/BrowserGlue.jsm :: _onQuitApplicationGranted/tasks< :: line 2009\"  data: no]"
1667032688958	Marionette	INFO	Stopped listening on port 33475
console.warn: TopSitesFeed: Failed to fetch data from Contile server: NetworkError when attempting to fetch resource.
1667032691888	geckodriver	INFO	Listening on 127.0.0.1:52685
1667032692172	mozrunner::runner	INFO	Running command: "/usr/bin/firefox" "--marionette" "--remote-debugging-port" "43983" "--remote-allow-hosts" "localhost" "-no-remote" "-profile" "/tmp/rust_mozprofilefAqOhO"
[GFX1-]: glxtest: VA-API test failed: failed to initialise VAAPI connection.
ATTENTION: default value of option mesa_glthread overridden by environment.
ATTENTION: default value of option mesa_glthread overridden by environment.
ATTENTION: default value of option mesa_glthread overridden by environment.
ATTENTION: default value of option mesa_glthread overridden by environment.
1667032694961	Marionette	INFO	Marionette enabled
1667032694973	Marionette	INFO	Listening on port 41767
Read port: 41767
WebDriver BiDi listening on ws://127.0.0.1:43983
1667032695359	RemoteAgent	WARN	TLS certificate errors will be ignored for this session
console.warn: SearchSettings: "get: No settings file exists, new profile?" (new NotFoundError("Could not open the file at /tmp/rust_mozprofilefAqOhO/search.json.mozlz4", (void 0)))
Missing chrome or resource URL: resource://gre/modules/UpdateListener.sys.mjs
DevTools listening on ws://127.0.0.1:43983/devtools/browser/1227681f-4083-4abf-8ece-7adabc6d2e51
Missing chrome or resource URL: resource://gre/modules/UpdateListener.sys.mjs
console.error: "Error during quit-application-granted: [Exception... \"File error: Not found\"  nsresult: \"0x80520012 (NS_ERROR_FILE_NOT_FOUND)\"  location: \"JS frame :: resource:///modules/BrowserGlue.jsm :: _onQuitApplicationGranted/tasks< :: line 2009\"  data: no]"
1667032727550	Marionette	INFO	Stopped listening on port 41767
console.warn: TopSitesFeed: Failed to fetch data from Contile server: NetworkError when attempting to fetch resource.
1667032769099	geckodriver	INFO	Listening on 127.0.0.1:43981
1667032769418	mozrunner::runner	INFO	Running command: "/usr/bin/firefox" "--marionette" "--remote-debugging-port" "57443" "--remote-allow-hosts" "localhost" "-no-remote" "-profile" "/tmp/rust_mozprofile9p6Ryh"
[GFX1-]: glxtest: VA-API test failed: failed to initialise VAAPI connection.
ATTENTION: default value of option mesa_glthread overridden by environment.
ATTENTION: default value of option mesa_glthread overridden by environment.
ATTENTION: default value of option mesa_glthread overridden by environment.
ATTENTION: default value of option mesa_glthread overridden by environment.
1667032772128	Marionette	INFO	Marionette enabled
1667032772140	Marionette	INFO	Listening on port 33591
Read port: 33591
WebDriver BiDi listening on ws://127.0.0.1:57443
1667032772869	RemoteAgent	WARN	TLS certificate errors will be ignored for this session
console.warn: SearchSettings: "get: No settings file exists, new profile?" (new NotFoundError("Could not open the file at /tmp/rust_mozprofile9p6Ryh/search.json.mozlz4", (void 0)))
Missing chrome or resource URL: resource://gre/modules/UpdateListener.sys.mjs
DevTools listening on ws://127.0.0.1:57443/devtools/browser/06730b21-397a-4ab2-8ee5-108306292e92
Missing chrome or resource URL: resource://gre/modules/UpdateListener.sys.mjs
console.error: "Error during quit-application-granted: [Exception... \"File error: Not found\"  nsresult: \"0x80520012 (NS_ERROR_FILE_NOT_FOUND)\"  location: \"JS frame :: resource:///modules/BrowserGlue.jsm :: _onQuitApplicationGranted/tasks< :: line 2009\"  data: no]"
1667032821888	Marionette	INFO	Stopped listening on port 33591
console.warn: TopSitesFeed: Failed to fetch data from Contile server: NetworkError when attempting to fetch resource.
1667033374587	geckodriver	INFO	Listening on 127.0.0.1:43393
1667033375731	mozrunner::runner	INFO	Running command: "/usr/bin/firefox" "--marionette" "-headless" "--remote-debugging-port" "49633" "--remote-allow-hosts" "localhost" "-no-remote" "-profile" "/tmp/rust_mozprofileaJKUHg"
*** You are running in headless mode.
[GFX1-]: glxtest: VA-API test failed: failed to initialise VAAPI connection.
1667033377663	Marionette	INFO	Marionette enabled
1667033377675	Marionette	INFO	Listening on port 32799
Read port: 32799
WebDriver BiDi listening on ws://127.0.0.1:49633
1667033378071	RemoteAgent	WARN	TLS certificate errors will be ignored for this session
[GFX1-]: RenderCompositorSWGL failed mapping default framebuffer, no dt
console.warn: SearchSettings: "get: No settings file exists, new profile?" (new NotFoundError("Could not open the file at /tmp/rust_mozprofileaJKUHg/search.json.mozlz4", (void 0)))
Missing chrome or resource URL: resource://gre/modules/UpdateListener.sys.mjs
DevTools listening on ws://127.0.0.1:49633/devtools/browser/6711df5b-f1ad-4c86-b649-eaa62b675e86
1667033464697	geckodriver	INFO	Listening on 127.0.0.1:51743
1667033465739	mozrunner::runner	INFO	Running command: "/usr/bin/firefox" "--marionette" "-headless" "--remote-debugging-port" "57457" "--remote-allow-hosts" "localhost" "-no-remote" "-profile" "/tmp/rust_mozprofilekUqvP3"
*** You are running in headless mode.
[GFX1-]: glxtest: VA-API test failed: failed to initialise VAAPI connection.
1667033468886	Marionette	INFO	Marionette enabled
1667033468897	Marionette	INFO	Listening on port 36715
Read port: 36715
WebDriver BiDi listening on ws://127.0.0.1:57457
1667033469328	RemoteAgent	WARN	TLS certificate errors will be ignored for this session
[GFX1-]: RenderCompositorSWGL failed mapping default framebuffer, no dt
console.warn: SearchSettings: "get: No settings file exists, new profile?" (new NotFoundError("Could not open the file at /tmp/rust_mozprofilekUqvP3/search.json.mozlz4", (void 0)))
Missing chrome or resource URL: resource://gre/modules/UpdateListener.sys.mjs
DevTools listening on ws://127.0.0.1:57457/devtools/browser/bdea2f53-f917-4d01-b18c-c65513897630
1667033563291	geckodriver	INFO	Listening on 127.0.0.1:39765
1667033563907	mozrunner::runner	INFO	Running command: "/usr/bin/firefox" "--marionette" "-headless" "--remote-debugging-port" "42169" "--remote-allow-hosts" "localhost" "-no-remote" "-profile" "/tmp/rust_mozprofileYCnVbs"
*** You are running in headless mode.
[GFX1-]: glxtest: VA-API test failed: failed to initialise VAAPI connection.
1667033565952	Marionette	INFO	Marionette enabled
1667033565964	Marionette	INFO	Listening on port 46579
Read port: 46579
WebDriver BiDi listening on ws://127.0.0.1:42169
1667033566338	RemoteAgent	WARN	TLS certificate errors will be ignored for this session
[GFX1-]: RenderCompositorSWGL failed mapping default framebuffer, no dt
console.warn: SearchSettings: "get: No settings file exists, new profile?" (new NotFoundError("Could not open the file at /tmp/rust_mozprofileYCnVbs/search.json.mozlz4", (void 0)))
Missing chrome or resource URL: resource://gre/modules/UpdateListener.sys.mjs
DevTools listening on ws://127.0.0.1:42169/devtools/browser/cdb46400-6e8d-4dab-878e-dbe85fbf8b47
1667033600387	geckodriver	INFO	Listening on 127.0.0.1:50909
1667033600773	mozrunner::runner	INFO	Running command: "/usr/bin/firefox" "--marionette" "-headless" "--remote-debugging-port" "56307" "--remote-allow-hosts" "localhost" "-no-remote" "-profile" "/tmp/rust_mozprofile8Ireyf"
*** You are running in headless mode.
[GFX1-]: glxtest: VA-API test failed: failed to initialise VAAPI connection.
1667033605032	Marionette	INFO	Marionette enabled
1667033605056	Marionette	INFO	Listening on port 36837
Read port: 36837
WebDriver BiDi listening on ws://127.0.0.1:56307
1667033605601	RemoteAgent	WARN	TLS certificate errors will be ignored for this session
[GFX1-]: RenderCompositorSWGL failed mapping default framebuffer, no dt
console.warn: SearchSettings: "get: No settings file exists, new profile?" (new NotFoundError("Could not open the file at /tmp/rust_mozprofile8Ireyf/search.json.mozlz4", (void 0)))
Missing chrome or resource URL: resource://gre/modules/UpdateListener.sys.mjs
DevTools listening on ws://127.0.0.1:56307/devtools/browser/eb68af8f-c823-48c3-896f-4ab99f65a797
1667034419669	geckodriver	INFO	Listening on 127.0.0.1:42809
1667034420307	mozrunner::runner	INFO	Running command: "/usr/bin/firefox" "--marionette" "-headless" "--remote-debugging-port" "37627" "--remote-allow-hosts" "localhost" "-no-remote" "-profile" "/tmp/rust_mozprofileObPQmQ"
*** You are running in headless mode.
[GFX1-]: glxtest: VA-API test failed: failed to initialise VAAPI connection.
1667034423451	Marionette	INFO	Marionette enabled
1667034423474	Marionette	INFO	Listening on port 35891
Read port: 35891
WebDriver BiDi listening on ws://127.0.0.1:37627
1667034424073	RemoteAgent	WARN	TLS certificate errors will be ignored for this session
[GFX1-]: RenderCompositorSWGL failed mapping default framebuffer, no dt
console.warn: SearchSettings: "get: No settings file exists, new profile?" (new NotFoundError("Could not open the file at /tmp/rust_mozprofileObPQmQ/search.json.mozlz4", (void 0)))
Missing chrome or resource URL: resource://gre/modules/UpdateListener.sys.mjs
DevTools listening on ws://127.0.0.1:37627/devtools/browser/daf05edb-7021-479f-8031-698305918e9f
1667034495695	geckodriver	INFO	Listening on 127.0.0.1:45589
1667034496307	mozrunner::runner	INFO	Running command: "/usr/bin/firefox" "--marionette" "--remote-debugging-port" "60449" "--remote-allow-hosts" "localhost" "-no-remote" "-profile" "/tmp/rust_mozprofilegECgA3"
[GFX1-]: glxtest: VA-API test failed: failed to initialise VAAPI connection.
ATTENTION: default value of option mesa_glthread overridden by environment.
ATTENTION: default value of option mesa_glthread overridden by environment.
ATTENTION: default value of option mesa_glthread overridden by environment.
ATTENTION: default value of option mesa_glthread overridden by environment.
1667034500614	Marionette	INFO	Marionette enabled
1667034500861	Marionette	INFO	Listening on port 34235
Read port: 34235
Read port: 34235
Read port: 34235
WebDriver BiDi listening on ws://127.0.0.1:60449
1667034503838	RemoteAgent	WARN	TLS certificate errors will be ignored for this session
console.warn: SearchSettings: "get: No settings file exists, new profile?" (new NotFoundError("Could not open the file at /tmp/rust_mozprofilegECgA3/search.json.mozlz4", (void 0)))
console.error: Region.jsm: "Error fetching region" (new AbortError("The operation was aborted. ", (void 0), 766))
console.error: Region.jsm: "Failed to fetch region" (new Error("NO_RESULT", "resource://gre/modules/Region.jsm", 420))
Missing chrome or resource URL: resource://gre/modules/UpdateListener.sys.mjs
DevTools listening on ws://127.0.0.1:60449/devtools/browser/f9f01015-b678-4214-a133-61f0d55d6673
console.warn: LoginRecipes: "Falling back to a synchronous message for: https://yandex.ru."
console.warn: LoginRecipes: "Falling back to a synchronous message for: https://yandex.ru."
Missing chrome or resource URL: resource://gre/modules/UpdateListener.sys.mjs
console.error: "Error during quit-application-granted: [Exception... \"File error: Not found\"  nsresult: \"0x80520012 (NS_ERROR_FILE_NOT_FOUND)\"  location: \"JS frame :: resource:///modules/BrowserGlue.jsm :: _onQuitApplicationGranted/tasks< :: line 2009\"  data: no]"
1667034565291	Marionette	INFO	Stopped listening on port 34235
console.warn: TopSitesFeed: Failed to fetch data from Contile server: NetworkError when attempting to fetch resource.
1667034571868	geckodriver	INFO	Listening on 127.0.0.1:46485
1667034572473	mozrunner::runner	INFO	Running command: "/usr/bin/firefox" "--marionette" "--remote-debugging-port" "51679" "--remote-allow-hosts" "localhost" "-no-remote" "-profile" "/tmp/rust_mozprofileK7gJv9"
[GFX1-]: glxtest: VA-API test failed: failed to initialise VAAPI connection.
ATTENTION: default value of option mesa_glthread overridden by environment.
ATTENTION: default value of option mesa_glthread overridden by environment.
ATTENTION: default value of option mesa_glthread overridden by environment.
ATTENTION: default value of option mesa_glthread overridden by environment.
1667034575415	Marionette	INFO	Marionette enabled
1667034575430	Marionette	INFO	Listening on port 34383
Read port: 34383
WebDriver BiDi listening on ws://127.0.0.1:51679
1667034575912	RemoteAgent	WARN	TLS certificate errors will be ignored for this session
console.warn: SearchSettings: "get: No settings file exists, new profile?" (new NotFoundError("Could not open the file at /tmp/rust_mozprofileK7gJv9/search.json.mozlz4", (void 0)))
Missing chrome or resource URL: resource://gre/modules/UpdateListener.sys.mjs
DevTools listening on ws://127.0.0.1:51679/devtools/browser/9f0366d7-8263-420a-8e8d-971542be3245
console.warn: LoginRecipes: "Falling back to a synchronous message for: https://yandex.ru."
Missing chrome or resource URL: resource://gre/modules/UpdateListener.sys.mjs
console.error: "Error during quit-application-granted: [Exception... \"File error: Not found\"  nsresult: \"0x80520012 (NS_ERROR_FILE_NOT_FOUND)\"  location: \"JS frame :: resource:///modules/BrowserGlue.jsm :: _onQuitApplicationGranted/tasks< :: line 2009\"  data: no]"
1667034602415	Marionette	INFO	Stopped listening on port 34383
console.warn: TopSitesFeed: Failed to fetch data from Contile server: NetworkError when attempting to fetch resource.
Exiting due to channel error.
Exiting due to channel error.
Exiting due to channel error.
Exiting due to channel error.
Exiting due to channel error.
Exiting due to channel error.
Exiting due to channel error.
Exiting due to channel error.
Exiting due to channel error.
Exiting due to channel error.
